{"uuid":"0214c2d3-1d51-49d0-a9b1-a00d747b0e07","historyId":"226b7e9abc7c2e0322caaa1e7991e70c","fullName":"Swaglabs Website: Finishing order process","labels":[{"name":"tag","value":"JX-30"},{"name":"tag","value":"TEST_JX-27"},{"name":"tag","value":"TESTSET_JX-29"},{"name":"host","value":"inlen8520029721"},{"name":"thread","value":"23620@inlen8520029721.main(1)"},{"name":"feature","value":"Swaglabs Website"},{"name":"story","value":"Finishing order process"},{"name":"suite","value":"Swaglabs Website"},{"name":"testClass","value":"Finishing order process"},{"name":"framework","value":"cucumber4jvm"},{"name":"language","value":"java"},{"name":"gherkin_uri","value":"file:///C:/Selenium/Saucedemo/src/test/resources/feature/1_JX-24,JX-25,JX-26,JX-27,JX-28.feature"},{"name":"package","value":"src.test.resources.feature.1_JX-24,JX-25,JX-26,JX-27,JX-28_feature.Swaglabs Website"}],"links":[],"name":"Finishing order process","status":"failed","statusDetails":{"known":false,"muted":false,"flaky":false,"message":"expected [continu] but found [false]","trace":"java.lang.AssertionError: expected [continu] but found [false]\r\n\tat org.testng.Assert.fail(Assert.java:110)\r\n\tat org.testng.Assert.failNotEquals(Assert.java:1413)\r\n\tat org.testng.Assert.assertEqualsImpl(Assert.java:149)\r\n\tat org.testng.Assert.assertEquals(Assert.java:131)\r\n\tat org.testng.Assert.assertEquals(Assert.java:643)\r\n\tat SwagLabs.classPackage.Login.addressInfo(Login.java:85)\r\n\tat SwagLabs.stepDefinitions.Stepdef.enter_address_information(Stepdef.java:107)\r\n\tat ✽.Enter address information(file:///C:/Selenium/Saucedemo/src/test/resources/feature/1_JX-24,JX-25,JX-26,JX-27,JX-28.feature:29)\r\n"},"stage":"finished","steps":[{"name":"Given  Enter address information","status":"failed","statusDetails":{"known":false,"muted":false,"flaky":false,"message":"expected [continu] but found [false]","trace":"java.lang.AssertionError: expected [continu] but found [false]\r\n\tat org.testng.Assert.fail(Assert.java:110)\r\n\tat org.testng.Assert.failNotEquals(Assert.java:1413)\r\n\tat org.testng.Assert.assertEqualsImpl(Assert.java:149)\r\n\tat org.testng.Assert.assertEquals(Assert.java:131)\r\n\tat org.testng.Assert.assertEquals(Assert.java:643)\r\n\tat SwagLabs.classPackage.Login.addressInfo(Login.java:85)\r\n\tat SwagLabs.stepDefinitions.Stepdef.enter_address_information(Stepdef.java:107)\r\n\tat ✽.Enter address information(file:///C:/Selenium/Saucedemo/src/test/resources/feature/1_JX-24,JX-25,JX-26,JX-27,JX-28.feature:29)\r\n"},"stage":"finished","steps":[],"attachments":[],"parameters":[],"start":1672209326208,"stop":1672209326482},{"name":"Then  Click Finish","status":"skipped","statusDetails":{"known":false,"muted":false,"flaky":false},"stage":"finished","steps":[],"attachments":[],"parameters":[],"start":1672209326483,"stop":1672209326485}],"attachments":[],"parameters":[],"start":1672209326208,"stop":1672209326610}