{"uuid":"588f8857-2732-4c7c-b61c-de4f2c7ccf9e","historyId":"a2766c008c617cf2483dccb634bd0d04","fullName":"Swaglabs shopping site: Finishing order process","labels":[{"name":"tag","value":"Shopping"},{"name":"severity","value":"critical"},{"name":"owner","value":"Reshma"},{"name":"tag","value":"Epic:Shopping-website"},{"name":"tag","value":"Smoke"},{"name":"host","value":"inlen8520029721"},{"name":"thread","value":"11908@inlen8520029721.main(1)"},{"name":"feature","value":"Swaglabs shopping site"},{"name":"story","value":"Finishing order process"},{"name":"suite","value":"Swaglabs shopping site"},{"name":"testClass","value":"Finishing order process"},{"name":"framework","value":"cucumber4jvm"},{"name":"language","value":"java"},{"name":"gherkin_uri","value":"file:///C:/Selenium/Saucedemo/src/test/resources/feature/login.feature"},{"name":"package","value":"src.test.resources.feature.login_feature.Swaglabs shopping site"}],"links":[],"name":"Finishing order process","status":"failed","statusDetails":{"known":false,"muted":false,"flaky":false,"message":"expected [fish] but found [false]","trace":"java.lang.AssertionError: expected [fish] but found [false]\r\n\tat org.testng.Assert.fail(Assert.java:110)\r\n\tat org.testng.Assert.failNotEquals(Assert.java:1413)\r\n\tat org.testng.Assert.assertEqualsImpl(Assert.java:149)\r\n\tat org.testng.Assert.assertEquals(Assert.java:131)\r\n\tat org.testng.Assert.assertEquals(Assert.java:643)\r\n\tat SwagLabs.classPackage.Login.finishbutton(Login.java:86)\r\n\tat SwagLabs.stepDefinitions.Stepdef.click_finish(Stepdef.java:62)\r\n\tat ✽.Click Finish(file:///C:/Selenium/Saucedemo/src/test/resources/feature/login.feature:31)\r\n"},"stage":"finished","steps":[{"name":"Given  Enter address information","status":"passed","statusDetails":{"known":false,"muted":false,"flaky":false},"stage":"finished","steps":[],"attachments":[],"parameters":[],"start":1671013416096,"stop":1671013416368},{"name":"Then  Click Finish","status":"failed","statusDetails":{"known":false,"muted":false,"flaky":false,"message":"expected [fish] but found [false]","trace":"java.lang.AssertionError: expected [fish] but found [false]\r\n\tat org.testng.Assert.fail(Assert.java:110)\r\n\tat org.testng.Assert.failNotEquals(Assert.java:1413)\r\n\tat org.testng.Assert.assertEqualsImpl(Assert.java:149)\r\n\tat org.testng.Assert.assertEquals(Assert.java:131)\r\n\tat org.testng.Assert.assertEquals(Assert.java:643)\r\n\tat SwagLabs.classPackage.Login.finishbutton(Login.java:86)\r\n\tat SwagLabs.stepDefinitions.Stepdef.click_finish(Stepdef.java:62)\r\n\tat ✽.Click Finish(file:///C:/Selenium/Saucedemo/src/test/resources/feature/login.feature:31)\r\n"},"stage":"finished","steps":[],"attachments":[],"parameters":[],"start":1671013416369,"stop":1671013416406}],"attachments":[],"parameters":[],"start":1671013416095,"stop":1671013416523}