{"uuid":"6ddee4c6-835e-465b-a559-1420347e449c","historyId":"29f17c5360a3114a01e408987c254403","fullName":"Creating webpage: Finishing order process","labels":[{"name":"tag","value":"Shopping"},{"name":"severity","value":"critical"},{"name":"owner","value":"Reshma"},{"name":"tag","value":"Epic=Shopping-website"},{"name":"tag","value":"JX-32"},{"name":"tag","value":"TEST_JX-27"},{"name":"tag","value":"TESTSET_JX-29"},{"name":"tag","value":"Smoke"},{"name":"host","value":"inlen8520029721"},{"name":"thread","value":"21328@inlen8520029721.main(1)"},{"name":"feature","value":"Creating webpage"},{"name":"story","value":"Finishing order process"},{"name":"suite","value":"Creating webpage"},{"name":"testClass","value":"Finishing order process"},{"name":"framework","value":"cucumber4jvm"},{"name":"language","value":"java"},{"name":"gherkin_uri","value":"file:///C:/Selenium/Saucedemo/src/test/resources/feature/Demo.feature"},{"name":"package","value":"src.test.resources.feature.Demo_feature.Creating webpage"}],"links":[],"name":"Finishing order process","status":"failed","statusDetails":{"known":false,"muted":false,"flaky":false,"message":"expected [continu] but found [false]","trace":"java.lang.AssertionError: expected [continu] but found [false]\r\n\tat org.testng.Assert.fail(Assert.java:110)\r\n\tat org.testng.Assert.failNotEquals(Assert.java:1413)\r\n\tat org.testng.Assert.assertEqualsImpl(Assert.java:149)\r\n\tat org.testng.Assert.assertEquals(Assert.java:131)\r\n\tat org.testng.Assert.assertEquals(Assert.java:643)\r\n\tat SwagLabs.classPackage.Login.addressInfo(Login.java:97)\r\n\tat SwagLabs.stepDefinitions.Stepdef.enter_address_information(Stepdef.java:107)\r\n\tat ✽.Enter address information(file:///C:/Selenium/Saucedemo/src/test/resources/feature/Demo.feature:34)\r\n"},"stage":"finished","steps":[{"name":"Given  Enter address information","status":"failed","statusDetails":{"known":false,"muted":false,"flaky":false,"message":"expected [continu] but found [false]","trace":"java.lang.AssertionError: expected [continu] but found [false]\r\n\tat org.testng.Assert.fail(Assert.java:110)\r\n\tat org.testng.Assert.failNotEquals(Assert.java:1413)\r\n\tat org.testng.Assert.assertEqualsImpl(Assert.java:149)\r\n\tat org.testng.Assert.assertEquals(Assert.java:131)\r\n\tat org.testng.Assert.assertEquals(Assert.java:643)\r\n\tat SwagLabs.classPackage.Login.addressInfo(Login.java:97)\r\n\tat SwagLabs.stepDefinitions.Stepdef.enter_address_information(Stepdef.java:107)\r\n\tat ✽.Enter address information(file:///C:/Selenium/Saucedemo/src/test/resources/feature/Demo.feature:34)\r\n"},"stage":"finished","steps":[],"attachments":[],"parameters":[],"start":1674639109876,"stop":1674639110116},{"name":"Then  Click Finish","status":"skipped","statusDetails":{"known":false,"muted":false,"flaky":false},"stage":"finished","steps":[],"attachments":[],"parameters":[],"start":1674639110116,"stop":1674639110119}],"attachments":[],"parameters":[],"start":1674639109875,"stop":1674639110287}